<?xml version="1.0" encoding="UTF-8"?>
<!-- Generated by org.testng.reporters.JUnitReportReporter -->
<testsuite skipped="0" hostname="Paulie.home" name="com.testng.jenkins.test1.test2" tests="2" failures="0" timestamp="16 Aug 2017 00:28:14 GMT" time="0.029" errors="0">
  <testcase name="mytesttwo" time="0.006" classname="com.testng.jenkins.test1.test2"/>
  <testcase name="mytestone" time="0.023" classname="com.testng.jenkins.test1.test2"/>
</testsuite> <!-- com.testng.jenkins.test1.test2 -->
