<?xml version="1.0" encoding="UTF-8"?>
<!-- Generated by org.testng.reporters.JUnitReportReporter -->
<testsuite skipped="0" hostname="Paulie.home" name="com.testng.jenkins.test1.test1" tests="2" failures="0" timestamp="16 Aug 2017 00:28:14 GMT" time="0.017" errors="0">
  <testcase name="mytesttwo" time="0.009" classname="com.testng.jenkins.test1.test1"/>
  <testcase name="mytestone" time="0.008" classname="com.testng.jenkins.test1.test1"/>
</testsuite> <!-- com.testng.jenkins.test1.test1 -->
