<?xml version="1.0" encoding="UTF-8"?>
<!-- Generated by org.testng.reporters.JUnitReportReporter -->
<testsuite skipped="0" hostname="Paulie.local" name="com.testng.jenkins.test1.test1" tests="2" failures="0" timestamp="20 Aug 2017 19:12:50 GMT" time="0.003" errors="0">
  <testcase name="mytesttwo" time="0.003" classname="com.testng.jenkins.test1.test1"/>
  <testcase name="mytestone" time="0.000" classname="com.testng.jenkins.test1.test1"/>
</testsuite> <!-- com.testng.jenkins.test1.test1 -->
