<?xml version="1.0" encoding="UTF-8"?>
<!-- Generated by org.testng.reporters.JUnitReportReporter -->
<testsuite skipped="0" hostname="Paulie.home" name="com.testng.jenkins.test1.test1" tests="2" failures="0" timestamp="16 Aug 2017 01:44:31 GMT" time="0.003" errors="0">
  <testcase name="mytesttwo" time="0.002" classname="com.testng.jenkins.test1.test1"/>
  <testcase name="mytestone" time="0.001" classname="com.testng.jenkins.test1.test1"/>
</testsuite> <!-- com.testng.jenkins.test1.test1 -->
