<?xml version="1.0" encoding="UTF-8"?>
<!-- Generated by org.testng.reporters.JUnitReportReporter -->
<testsuite hostname="Paulie.home" name="functionGenerator.TestNG" tests="1" failures="0" timestamp="18 Jul 2017 23:35:40 GMT" time="0.568" errors="0">
  <testcase name="maintest" time="0.568" classname="functionGenerator.TestNG"/>
</testsuite> <!-- functionGenerator.TestNG -->
