<?xml version="1.0" encoding="UTF-8"?>
<!-- Generated by org.testng.reporters.JUnitReportReporter -->
<testsuite hostname="Paulie.local" name="pack1.TestA" tests="2" failures="0" timestamp="27 Aug 2017 15:46:30 GMT" time="0.023" errors="0">
  <testcase name="mytestone" time="0.014" classname="pack1.TestA"/>
  <testcase name="mytesttwo" time="0.009" classname="pack1.TestA"/>
</testsuite> <!-- pack1.TestA -->
