<?xml version="1.0" encoding="UTF-8"?>
<!-- Generated by org.testng.reporters.JUnitReportReporter -->
<testsuite hostname="Paulie.local" name="pack1.TestB" tests="2" failures="0" timestamp="8 Aug 2017 23:32:09 GMT" time="0.012" errors="0">
  <testcase name="mytestone" time="0.003" classname="pack1.TestB"/>
  <testcase name="mytesttwo" time="0.009" classname="pack1.TestB"/>
</testsuite> <!-- pack1.TestB -->
