<?xml version="1.0" encoding="UTF-8"?>
<!-- Generated by org.testng.reporters.JUnitReportReporter -->
<testsuite hostname="Paulie.local" name="pack1.TestB" tests="2" failures="0" timestamp="27 Aug 2017 15:46:30 GMT" time="0.007" errors="0">
  <testcase name="mytesttwo" time="0.003" classname="pack1.TestB"/>
  <testcase name="mytestone" time="0.004" classname="pack1.TestB"/>
</testsuite> <!-- pack1.TestB -->
