<?xml version="1.0" encoding="UTF-8"?>
<!-- Generated by org.testng.reporters.JUnitReportReporter -->
<testsuite hostname="Paulie.local" name="pack1.TestA" tests="2" failures="0" timestamp="8 Aug 2017 23:36:28 GMT" time="0.013" errors="0">
  <testcase name="mytesttwo" time="0.003" classname="pack1.TestA"/>
  <testcase name="mytestone" time="0.010" classname="pack1.TestA"/>
</testsuite> <!-- pack1.TestA -->
