<?xml version="1.0" encoding="UTF-8"?>
<!-- Generated by org.testng.reporters.JUnitReportReporter -->
<testsuite skipped="0" hostname="Paulie.local" name="testCollection.TestApp" tests="2" failures="0" timestamp="08 Aug 2017 23:17:16 GMT" time="0.010" errors="0">
  <testcase name="mytesttwo" time="0.002" classname="testCollection.TestApp"/>
  <testcase name="mytestone" time="0.008" classname="testCollection.TestApp"/>
</testsuite> <!-- testCollection.TestApp -->
